<?xml version="1.0" encoding="UTF-8"?>
<testng-results ignored="0" total="0" passed="0" failed="0" skipped="0">
  <reporter-output>
  </reporter-output>
  <suite started-at="2026-06-13T19:54:25 IST" name="com.selenium.LoginTest" finished-at="2026-06-13T19:54:25 IST" duration-ms="62">
    <groups>
    </groups>
    <test started-at="2026-06-13T19:54:25 IST" name="Command line test" finished-at="2026-06-13T19:54:25 IST" duration-ms="62">
    </test> <!-- Command line test -->
  </suite> <!-- com.selenium.LoginTest -->
</testng-results>
